Arguments: 
  /home/chipmunkgeek/.nvm/versions/node/v12.18.4/bin/node /home/chipmunkgeek/.yarn/bin/yarn init server

PATH: 
  /home/chipmunkgeek/.nodenv/libexec:/home/chipmunkgeek/.nodenv/plugins/node-build/bin:/home/chipmunkgeek/.yarn/bin:/home/chipmunkgeek/.config/yarn/global/node_modules/.bin:/home/chipmunkgeek/.yarn/bin:/home/chipmunkgeek/.nodenv/shims:/home/chipmunkgeek/.nodenv/bin:/opt/OpenPrinting-Gutenprint/sbin:/opt/OpenPrinting-Gutenprint/bin:/home/chipmunkgeek/.rvm/gems/ruby-2.3.3/bin:/home/chipmunkgeek/.rvm/gems/ruby-2.3.3@global/bin:/home/chipmunkgeek/.rvm/rubies/ruby-2.3.3/bin:/home/chipmunkgeek/.yarn/bin:/home/chipmunkgeek/.config/yarn/global/node_modules/.bin:/home/chipmunkgeek/.yarn/bin:/home/chipmunkgeek/.nvm/versions/node/v12.18.4/bin:/home/chipmunkgeek/.nodenv/shims:/home/chipmunkgeek/.nodenv/bin:/opt/OpenPrinting-Gutenprint/sbin:/opt/OpenPrinting-Gutenprint/bin:/home/chipmunkgeek/bin:/home/chipmunkgeek/.local/bin:/opt/OpenPrinting-Gutenprint/sbin:/opt/OpenPrinting-Gutenprint/bin:/usr/local/sbin:/usr/local/bin:/usr/sbin:/usr/bin:/sbin:/bin:/usr/games:/usr/local/games:/snap/bin:/home/chipmunkgeek/.rvm/bin:/home/chipmunkgeek/.rvm/bin:/usr/share/ruby-rvm/bin:/home/chipmunkgeek/.rvm/bin:/usr/share/ruby-rvm/bin:/home/chipmunkgeek/.rvm/bin

Yarn version: 
  1.22.10

Node version: 
  12.18.4

Platform: 
  linux x64

Trace: 
  Error: canceled
      at Interface.<anonymous> (/home/chipmunkgeek/.config/yarn/global/node_modules/yarn/lib/cli.js:136216:13)
      at Interface.emit (events.js:315:20)
      at Interface._ttyWrite (readline.js:868:16)
      at ReadStream.onkeypress (readline.js:205:10)
      at ReadStream.emit (events.js:315:20)
      at emitKeys (internal/readline/utils.js:335:14)
      at emitKeys.next (<anonymous>)
      at ReadStream.onData (readline.js:1137:36)
      at ReadStream.emit (events.js:315:20)
      at addChunk (_stream_readable.js:295:12)

npm manifest: 
  No manifest

yarn manifest: 
  No manifest

Lockfile: 
  No lockfile
